
> @orquel/store-memory@0.1.0 build /Users/0xkoller/orquel/packages/adapters/store-memory
> tsup

â–² [WARNING] The condition "types" here will never be used as it comes after both "import" and "require" [package.json]

    package.json:12:6:
      12 â”‚       "types": "./dist/index.d.ts"
         â•µ       ~~~~~~~

  The "import" condition comes earlier and will be used for all "import" statements:

    package.json:10:6:
      10 â”‚       "import": "./dist/index.js",
         â•µ       ~~~~~~~~

  The "require" condition comes earlier and will be used for all "require" calls:

    package.json:11:6:
      11 â”‚       "require": "./dist/index.cjs",
         â•µ       ~~~~~~~~~

CLI Building entry: src/index.ts
CLI Using tsconfig: tsconfig.json
CLI tsup v8.5.0
CLI Using tsup config: /Users/0xkoller/orquel/packages/adapters/store-memory/tsup.config.ts
CLI Target: es2022
CLI Cleaning output folder
ESM Build start
CJS Build start

 WARN  [33mâ–² [43;33m[[43;30mWARNING[43;33m][0m [1mThe condition "types" here will never be used as it comes after both "import" and "require"[0m [package.json]

    package.json:12:6:
[37m      12 â”‚       [32m"types"[37m: "./dist/index.d.ts"
         â•µ       [32m~~~~~~~[0m

  The "import" condition comes earlier and will be used for all "import" statements:

    package.json:10:6:
[37m      10 â”‚       [32m"import"[37m: "./dist/index.js",
         â•µ       [32m~~~~~~~~[0m

  The "require" condition comes earlier and will be used for all "require" calls:

    package.json:11:6:
[37m      11 â”‚       [32m"require"[37m: "./dist/index.cjs",
         â•µ       [32m~~~~~~~~~[0m




 WARN  [33mâ–² [43;33m[[43;30mWARNING[43;33m][0m [1mThe condition "types" here will never be used as it comes after both "import" and "require"[0m [package.json]

    package.json:12:6:
[37m      12 â”‚       [32m"types"[37m: "./dist/index.d.ts"
         â•µ       [32m~~~~~~~[0m

  The "import" condition comes earlier and will be used for all "import" statements:

    package.json:10:6:
[37m      10 â”‚       [32m"import"[37m: "./dist/index.js",
         â•µ       [32m~~~~~~~~[0m

  The "require" condition comes earlier and will be used for all "require" calls:

    package.json:11:6:
[37m      11 â”‚       [32m"require"[37m: "./dist/index.cjs",
         â•µ       [32m~~~~~~~~~[0m



ESM dist/index.js     1.36 KB
ESM dist/index.js.map 3.00 KB
ESM âš¡ï¸ Build success in 25ms
CJS dist/index.cjs     2.35 KB
CJS dist/index.cjs.map 3.05 KB
CJS âš¡ï¸ Build success in 25ms
DTS Build start
src/index.ts(13,11): error TS2322: Type '(rows: (Chunk & { embedding: number[]; })[]) => Promise<void>' is not assignable to type '(rows: ChunkWithEmbedding[]) => Promise<void>'.
  Types of parameters 'rows' and 'rows' are incompatible.
    Type 'ChunkWithEmbedding[]' is not assignable to type '(Chunk & { embedding: number[]; })[]'.
      Type 'ChunkWithEmbedding' is not assignable to type 'Chunk & { embedding: number[]; }'.
        Type 'ChunkWithEmbedding' is missing the following properties from type 'Chunk': id, text, index, hash, and 2 more.
src/index.ts(29,11): error TS2322: Type '(query: number[], k: number) => Promise<{ chunk: { id: string; text: string; metadata: Record<string, any>; }; score: number; }[]>' is not assignable to type '(query: number[], k: number) => Promise<SearchResult[]>'.
  Type 'Promise<{ chunk: { id: string; text: string; metadata: Record<string, any>; }; score: number; }[]>' is not assignable to type 'Promise<SearchResult[]>'.
    Type '{ chunk: { id: string; text: string; metadata: Record<string, any>; }; score: number; }[]' is not assignable to type 'SearchResult[]'.
      Property 'rank' is missing in type '{ chunk: { id: string; text: string; metadata: Record<string, any>; }; score: number; }' but required in type 'SearchResult'.

Error: error occurred in dts build
    at Worker.<anonymous> (/Users/0xkoller/orquel/node_modules/.pnpm/tsup@8.5.0_postcss@8.5.6_tsx@4.20.4_typescript@5.9.2/node_modules/tsup/dist/index.js:1545:26)
    at Worker.emit (node:events:507:28)
    at MessagePort.<anonymous> (node:internal/worker:268:53)
    at [nodejs.internal.kHybridDispatch] (node:internal/event_target:827:20)
    at MessagePort.<anonymous> (node:internal/per_context/messageport:23:28)
DTS Build error
â€‰ELIFECYCLEâ€‰ Command failed with exit code 1.
